<?xml version="1.0" encoding="UTF-8"?>
<testng-results ignored="0" total="7" passed="7" failed="0" skipped="0">
  <reporter-output>
  </reporter-output>
  <suite started-at="2020-10-09T13:43:13 IST" name="Sample Test Suite " finished-at="2020-10-09T13:43:13 IST" duration-ms="139">
    <groups>
      <group name="1st">
        <method signature="Testng.Method()[pri:0, instance:pack.Testng@4b44655e]" name="Method" class="pack.Testng"/>
        <method signature="Testng22.Method4()[pri:0, instance:pack.Testng22@290d210d]" name="Method4" class="pack.Testng22"/>
      </group> <!-- 1st -->
    </groups>
    <test started-at="2020-10-09T13:43:13 IST" name="Home Loan and Personal Loan" finished-at="2020-10-09T13:43:13 IST" duration-ms="139">
      <class name="pack.Testng">
        <test-method signature="Method()[pri:0, instance:pack.Testng@4b44655e]" started-at="2020-10-09T13:43:13 IST" name="Method" finished-at="2020-10-09T13:43:13 IST" duration-ms="17" status="PASS">
          <reporter-output>
          </reporter-output>
        </test-method> <!-- Method -->
        <test-method signature="Method2()[pri:0, instance:pack.Testng@4b44655e]" started-at="2020-10-09T13:43:13 IST" name="Method2" finished-at="2020-10-09T13:43:13 IST" duration-ms="7" status="PASS">
          <reporter-output>
          </reporter-output>
        </test-method> <!-- Method2 -->
      </class> <!-- pack.Testng -->
      <class name="pack.Testng23">
        <test-method signature="Methods25()[pri:0, instance:pack.Testng23@1d76aeea]" started-at="2020-10-09T13:43:13 IST" name="Methods25" finished-at="2020-10-09T13:43:13 IST" duration-ms="4" status="PASS">
          <reporter-output>
          </reporter-output>
        </test-method> <!-- Methods25 -->
        <test-method signature="Rev()[pri:0, instance:pack.Testng23@1d76aeea]" started-at="2020-10-09T13:43:13 IST" name="Rev" finished-at="2020-10-09T13:43:13 IST" duration-ms="2" status="PASS">
          <reporter-output>
          </reporter-output>
        </test-method> <!-- Rev -->
        <test-method signature="Methods4()[pri:0, instance:pack.Testng23@1d76aeea]" started-at="2020-10-09T13:43:13 IST" name="Methods4" finished-at="2020-10-09T13:43:13 IST" depends-on-methods="pack.Testng23.Rev, pack.Testng23.Methods25" duration-ms="3" status="PASS">
          <reporter-output>
          </reporter-output>
        </test-method> <!-- Methods4 -->
      </class> <!-- pack.Testng23 -->
      <class name="pack.Testng22">
        <test-method signature="Method25()[pri:0, instance:pack.Testng22@290d210d]" started-at="2020-10-09T13:43:13 IST" name="Method25" finished-at="2020-10-09T13:43:13 IST" duration-ms="1" status="PASS">
          <reporter-output>
          </reporter-output>
        </test-method> <!-- Method25 -->
        <test-method signature="Method4()[pri:0, instance:pack.Testng22@290d210d]" started-at="2020-10-09T13:43:13 IST" name="Method4" finished-at="2020-10-09T13:43:13 IST" duration-ms="6" status="PASS">
          <reporter-output>
          </reporter-output>
        </test-method> <!-- Method4 -->
      </class> <!-- pack.Testng22 -->
    </test> <!-- Home Loan and Personal Loan -->
  </suite> <!-- Sample Test Suite  -->
</testng-results>
